<?xml version="1.0" encoding="UTF-8"?>
<!-- Generated by org.testng.reporters.JUnitReportReporter -->
<testsuite skipped="0" hostname="DESKTOP-J4D1QAS" name="tests.CPetStoreMenuTest" tests="3" failures="0" timestamp="2020-04-05T23:54:15 CEST" time="11.453" errors="0">
  <testcase name="verifyLinksInAllMenus" time="3.038" classname="tests.CPetStoreMenuTest"/>
  <testcase name="verifyClicksOnCategories" time="7.885" classname="tests.CPetStoreMenuTest"/>
  <testcase name="verifyPathToSignInPage" time="0.530" classname="tests.CPetStoreMenuTest"/>
</testsuite> <!-- tests.CPetStoreMenuTest -->
