<?xml version="1.0" encoding="UTF-8"?>
<!-- Generated by org.testng.reporters.JUnitReportReporter -->
<testsuite skipped="0" hostname="DESKTOP-J4D1QAS" name="tests.GCartTest" tests="2" failures="0" timestamp="2020-04-08T21:21:17 CEST" time="7.096" errors="0">
  <testcase name="cartAllItemsIn" time="6.738" classname="tests.GCartTest"/>
  <testcase name="isCartEmptyWithoutCookies" time="0.358" classname="tests.GCartTest"/>
</testsuite> <!-- tests.GCartTest -->
