<?xml version="1.0" encoding="UTF-8"?>
<!-- Generated by org.testng.reporters.JUnitReportReporter -->
<testsuite skipped="0" hostname="DESKTOP-J4D1QAS" name="tests.DSignInTest" tests="1" failures="0" timestamp="2020-04-08T09:26:00 CEST" time="5.847" errors="0">
  <testcase name="testingUserRegistration" time="5.847" classname="tests.DSignInTest"/>
</testsuite> <!-- tests.DSignInTest -->
