<?xml version="1.0" encoding="UTF-8"?>
<!-- Generated by org.testng.reporters.JUnitReportReporter -->
<testsuite skipped="0" hostname="DESKTOP-J4D1QAS" name="tests.ERegistrationPageTest" tests="1" failures="0" timestamp="2020-04-08T08:32:12 CEST" time="35.444" errors="0">
  <testcase name="verifyLinksInAllMenus" time="35.444" classname="tests.ERegistrationPageTest"/>
</testsuite> <!-- tests.ERegistrationPageTest -->
