<?xml version="1.0" encoding="UTF-8"?>
<!-- Generated by org.testng.reporters.JUnitReportReporter -->
<testsuite skipped="0" hostname="DESKTOP-J4D1QAS" name="tests.BEnterStoreTest" tests="1" failures="0" timestamp="2020-04-04T21:42:12 CEST" time="1.231" errors="0">
  <testcase name="search" time="1.231" classname="tests.BEnterStoreTest"/>
</testsuite> <!-- tests.BEnterStoreTest -->
